<?xml version="1.0" encoding="UTF-8"?>
<testsuites name="KW8" time="136.955" tests="1" failures="0" errors="0">
   <testsuite name="KW8" tests="1" failures="0" errors="0" time="136.955" skipped="0" timestamp="23-10-2024T22:37:04" hostname="Anoop_G - 192.168.1.39" id="Test Suites/KW8">
      <properties>
         <property name="deviceName" value=""/>
         <property name="devicePlatform"/>
         <property name="logFolder" value="C:\\Users\\Anoop_G\\git\\GitKatalonIntegration\\GitKatalonIntegration\\Reports\\20241023_223648\\KW8\\20241023_223648"/>
         <property name="logFiles" value="C:\\Users\\Anoop_G\\git\\GitKatalonIntegration\\GitKatalonIntegration\\Reports\\20241023_223648\\KW8\\20241023_223648\\execution0.log"/>
         <property name="attachments" value=""/>
         <property name="hostName" value="Anoop_G - 192.168.1.39"/>
         <property name="os" value="Windows 11 64bit"/>
         <property name="katalonVersion" value="9.7.2.223"/>
         <property name="browser" value="Chrome 130.0.0.0"/>
         <property name="hostAddress" value="192.168.1.39"/>
         <property name="sessionId" value="2517efaeadcc78b9597186ed0d9db664"/>
         <property name="seleniumVersion" value="3.141.59"/>
         <property name="proxyInformation" value="ProxyInformation { proxyOption=NO_PROXY, proxyServerType=HTTP, username=, password=********, proxyServerAddress=, proxyServerPort=0, executionList=&quot;&quot;, isApplyToDesiredCapabilities=true }"/>
         <property name="platform" value="Windows 11"/>
      </properties>
      <testcase name="Test Cases/PBKW" time="55.201" classname="Test Cases/PBKW" status="PASSED">
         <system-out><![CDATA[23-10-2024T22:38:26 - [TEST_CASE][PASSED] - Test Cases/PBKW: Test Cases/PBKW

23-10-2024T22:38:26 - [TEST_STEP][PASSED] - openBrowser(""): Browser is opened with url: ''

23-10-2024T22:38:26 - [MESSAGE][WARNING] - A browser is already opened. Closing browser and opening a new one

23-10-2024T22:38:28 - [MESSAGE][INFO] - Starting 'Chrome' driver

23-10-2024T22:38:28 - [MESSAGE][INFO] - Action delay is set to 0 milliseconds

23-10-2024T22:38:31 - [MESSAGE][PASSED] - Browser is opened with url: ''

23-10-2024T22:38:31 - [TEST_STEP][PASSED] - navigateToUrl("https://parabank.parasoft.com/parabank/index.htm;jsessionid=433A0C0C0BB91807C12AA4A71899882A"): Navigate to 'https://parabank.parasoft.com/parabank/index.htm;jsessionid=433A0C0C0BB91807C12AA4A71899882A' successfully

23-10-2024T22:38:34 - [MESSAGE][PASSED] - Navigate to 'https://parabank.parasoft.com/parabank/index.htm;jsessionid=433A0C0C0BB91807C12AA4A71899882A' successfully

23-10-2024T22:38:34 - [TEST_STEP][PASSED] - click(findTestObject("Object Repository/Page_ParaBank  Welcome  Online Banking/a_Locations")): Object: 'Object Repository/Page_ParaBank  Welcome  Online Banking/a_Locations' is clicked on

23-10-2024T22:38:41 - [MESSAGE][PASSED] - Object: 'Object Repository/Page_ParaBank  Welcome  Online Banking/a_Locations' is clicked on

23-10-2024T22:38:41 - [TEST_STEP][PASSED] - com.test.pack1.customfunction8.printName("sreeeeeeeeeeeeeeeeeeeeeeeeeeeeeeeee"): com.test.pack1.customfunction8.printName is PASSED

23-10-2024T22:38:41 - [MESSAGE][PASSED] - com.test.pack1.customfunction8.printName is PASSED

23-10-2024T22:38:41 - [TEST_STEP][PASSED] - click(findTestObject("Object Repository/Page_Automated Software Testing Solutions F_4f6c59/span_Products")): Object: 'Object Repository/Page_Automated Software Testing Solutions F_4f6c59/span_Products' is clicked on

23-10-2024T22:38:43 - [MESSAGE][PASSED] - Object: 'Object Repository/Page_Automated Software Testing Solutions F_4f6c59/span_Products' is clicked on

23-10-2024T22:38:43 - [TEST_STEP][PASSED] - click(findTestObject("Object Repository/Page_Automated Software Testing Solutions F_4f6c59/span_CCtest")): Object: 'Object Repository/Page_Automated Software Testing Solutions F_4f6c59/span_CCtest' is clicked on

23-10-2024T22:38:46 - [MESSAGE][PASSED] - Object: 'Object Repository/Page_Automated Software Testing Solutions F_4f6c59/span_CCtest' is clicked on

23-10-2024T22:38:46 - [TEST_STEP][PASSED] - verifyElementPresent(findTestObject("Object Repository/Page_CCtest Check C and C Code Quality Tool_a48130/a_Try Parasoft"), 0): Object 'Object Repository/Page_CCtest Check C and C Code Quality Tool_a48130/a_Try Parasoft' is present

23-10-2024T22:38:46 - [MESSAGE][WARNING] - Timeout '0' is invalid. Using default page load timeout: '30'

23-10-2024T22:38:46 - [MESSAGE][PASSED] - Object 'Object Repository/Page_CCtest Check C and C Code Quality Tool_a48130/a_Try Parasoft' is present

23-10-2024T22:38:46 - [TEST_STEP][PASSED] - click(findTestObject("Object Repository/Page_CCtest Check C and C Code Quality Tool_a48130/span_Solutions")): Object: 'Object Repository/Page_CCtest Check C and C Code Quality Tool_a48130/span_Solutions' is clicked on

23-10-2024T22:38:47 - [MESSAGE][PASSED] - Object: 'Object Repository/Page_CCtest Check C and C Code Quality Tool_a48130/span_Solutions' is clicked on

23-10-2024T22:38:47 - [TEST_STEP][PASSED] - click(findTestObject("Object Repository/Page_CCtest Check C and C Code Quality Tool_a48130/a_AUTOSAR C14")): Object: 'Object Repository/Page_CCtest Check C and C Code Quality Tool_a48130/a_AUTOSAR C14' is clicked on

23-10-2024T22:39:04 - [MESSAGE][PASSED] - Object: 'Object Repository/Page_CCtest Check C and C Code Quality Tool_a48130/a_AUTOSAR C14' is clicked on

23-10-2024T22:39:04 - [TEST_STEP][PASSED] - verifyElementPresent(findTestObject("Object Repository/Page_AUTOSAR C Rules and Coding Standards C_501c1a/a_Contact Us"), 0): Object 'Object Repository/Page_AUTOSAR C Rules and Coding Standards C_501c1a/a_Contact Us' is present

23-10-2024T22:39:04 - [MESSAGE][WARNING] - Timeout '0' is invalid. Using default page load timeout: '30'

23-10-2024T22:39:06 - [MESSAGE][PASSED] - Object 'Object Repository/Page_AUTOSAR C Rules and Coding Standards C_501c1a/a_Contact Us' is present

23-10-2024T22:39:06 - [TEST_STEP][PASSED] - click(findTestObject("Object Repository/Page_AUTOSAR C Rules and Coding Standards C_501c1a/span_Industries")): Object: 'Object Repository/Page_AUTOSAR C Rules and Coding Standards C_501c1a/span_Industries' is clicked on

23-10-2024T22:39:07 - [MESSAGE][PASSED] - Object: 'Object Repository/Page_AUTOSAR C Rules and Coding Standards C_501c1a/span_Industries' is clicked on

23-10-2024T22:39:07 - [TEST_STEP][PASSED] - click(findTestObject("Object Repository/Page_AUTOSAR C Rules and Coding Standards C_501c1a/a_Automotive")): Object: 'Object Repository/Page_AUTOSAR C Rules and Coding Standards C_501c1a/a_Automotive' is clicked on

23-10-2024T22:39:10 - [MESSAGE][PASSED] - Object: 'Object Repository/Page_AUTOSAR C Rules and Coding Standards C_501c1a/a_Automotive' is clicked on

23-10-2024T22:39:10 - [TEST_STEP][PASSED] - click(findTestObject("Object Repository/Page_Automotive Embedded Software Testing S_981503/span_Customer Success")): Object: 'Object Repository/Page_Automotive Embedded Software Testing S_981503/span_Customer Success' is clicked on

23-10-2024T22:39:11 - [MESSAGE][PASSED] - Object: 'Object Repository/Page_Automotive Embedded Software Testing S_981503/span_Customer Success' is clicked on

23-10-2024T22:39:11 - [TEST_STEP][PASSED] - click(findTestObject("Object Repository/Page_Automotive Embedded Software Testing S_981503/a_Customer Portal")): Object: 'Object Repository/Page_Automotive Embedded Software Testing S_981503/a_Customer Portal' is clicked on

23-10-2024T22:39:12 - [MESSAGE][PASSED] - Object: 'Object Repository/Page_Automotive Embedded Software Testing S_981503/a_Customer Portal' is clicked on

23-10-2024T22:39:12 - [TEST_STEP][PASSED] - switchToWindowTitle("Customer Portal Home"): Switched to window with title: 'Customer Portal Home'

23-10-2024T22:39:18 - [MESSAGE][PASSED] - Switched to window with title: 'Customer Portal Home'

23-10-2024T22:39:18 - [TEST_STEP][PASSED] - verifyElementPresent(findTestObject("Object Repository/Page_Customer Portal Home/a_Announcements"), 0): Object 'Object Repository/Page_Customer Portal Home/a_Announcements' is present

23-10-2024T22:39:19 - [MESSAGE][WARNING] - Timeout '0' is invalid. Using default page load timeout: '30'

23-10-2024T22:39:21 - [MESSAGE][PASSED] - Object 'Object Repository/Page_Customer Portal Home/a_Announcements' is present]]></system-out>
         <system-err><![CDATA[]]></system-err>
      </testcase>
      <system-out><![CDATA[23-10-2024T22:37:04 - [TEST_SUITE][FAILED] - KW8: Test Cases/PBKW FAILED.
Reason:
com.kms.katalon.core.exception.StepFailedException: Unable to click on object 'Object Repository/Page_Automotive Embedded Software Testing S_981503/span_Customer Success'
	at com.kms.katalon.core.webui.keyword.internal.WebUIKeywordMain.stepFailed(WebUIKeywordMain.groovy:117)
	at com.kms.katalon.core.webui.keyword.internal.WebUIKeywordMain.runKeyword(WebUIKeywordMain.groovy:43)
	at com.kms.katalon.core.webui.keyword.builtin.ClickKeyword.click(ClickKeyword.groovy:74)
	at com.kms.katalon.core.webui.keyword.builtin.ClickKeyword.execute(ClickKeyword.groovy:40)
	at com.kms.katalon.core.keyword.internal.KeywordExecutor.executeKeywordForPlatform(KeywordExecutor.groovy:74)
	at com.kms.katalon.core.webui.keyword.WebUiBuiltInKeywords.click(WebUiBuiltInKeywords.groovy:659)
	at PBKW.run(PBKW:46)
	at com.kms.katalon.core.main.ScriptEngine.run(ScriptEngine.java:194)
	at com.kms.katalon.core.main.ScriptEngine.runScriptAsRawText(ScriptEngine.java:119)
	at com.kms.katalon.core.main.TestCaseExecutor.runScript(TestCaseExecutor.java:448)
	at com.kms.katalon.core.main.TestCaseExecutor.doExecute(TestCaseExecutor.java:439)
	at com.kms.katalon.core.main.TestCaseExecutor.processExecutionPhase(TestCaseExecutor.java:418)
	at com.kms.katalon.core.main.TestCaseExecutor.accessMainPhase(TestCaseExecutor.java:410)
	at com.kms.katalon.core.main.TestCaseExecutor.execute(TestCaseExecutor.java:285)
	at com.kms.katalon.core.common.CommonExecutor.accessTestCaseMainPhase(CommonExecutor.java:65)
	at com.kms.katalon.core.main.TestSuiteExecutor.accessTestSuiteMainPhase(TestSuiteExecutor.java:150)
	at com.kms.katalon.core.main.TestSuiteExecutor.execute(TestSuiteExecutor.java:106)
	at com.kms.katalon.core.main.TestCaseMain.startTestSuite(TestCaseMain.java:180)
	at TempTestSuite1729703208202.run(TempTestSuite1729703208202.groovy:35)
	at java.base/jdk.internal.reflect.NativeMethodAccessorImpl.invoke0(Native Method)
	at java.base/jdk.internal.reflect.NativeMethodAccessorImpl.invoke(NativeMethodAccessorImpl.java:77)
	at java.base/jdk.internal.reflect.DelegatingMethodAccessorImpl.invoke(DelegatingMethodAccessorImpl.java:43)
Caused by: org.openqa.selenium.ElementClickInterceptedException: element click intercepted: Element <span class="link">...</span> is not clickable at point (581, 58). Other element would receive the click: <iframe name="" class="qlfd-not-mobile qlfd-full-height" id="q-messenger-frame" data-mirrored="true" allow="camera;microphone" title="Qualified Messenger" style="
        height: calc(100vh - 150px) !important;
        width: 538px !important;
        margin-bottom: 0;
        color-scheme: normal;
      " src="https://app.qualified.com/w/1/toaWvavBpa9r2g42/messenger?uuid=f3fb1f4d-b6e4-4d3e-a9b1-9c65af384427"></iframe>
  (Session info: chrome=130.0.6723.60)
Build info: version: '3.141.59', revision: 'unknown', time: 'unknown'
System info: host: 'ANOOP-LAP', ip: '192.168.1.39', os.name: 'Windows 11', os.arch: 'amd64', os.version: '10.0', java.version: '17.0.7'
Driver info: com.kms.katalon.selenium.driver.CChromeDriver
Capabilities {acceptInsecureCerts: false, browserName: chrome, browserVersion: 130.0.6723.60, chrome: {chromedriverVersion: 130.0.6723.58 (3a50e012e4c9..., userDataDir: C:\Users\Anoop_G\AppData\Lo...}, fedcm:accounts: true, goog:chromeOptions: {debuggerAddress: localhost:53388}, javascriptEnabled: true, networkConnectionEnabled: false, pageLoadStrategy: normal, platform: WINDOWS, platformName: WINDOWS, proxy: Proxy(), setWindowRect: true, strictFileInteractability: false, timeouts: {implicit: 0, pageLoad: 300000, script: 30000}, unhandledPromptBehavior: dismiss and notify, webauthn:extension:credBlob: true, webauthn:extension:largeBlob: true, webauthn:extension:minPinLength: true, webauthn:extension:prf: true, webauthn:virtualAuthenticators: true}
Session ID: 59362b494443bb9230d9bd6e2495b360
	at java.base/jdk.internal.reflect.NativeConstructorAccessorImpl.newInstance0(Native Method)
	at java.base/jdk.internal.reflect.NativeConstructorAccessorImpl.newInstance(NativeConstructorAccessorImpl.java:77)
	at java.base/jdk.internal.reflect.DelegatingConstructorAccessorImpl.newInstance(DelegatingConstructorAccessorImpl.java:45)
	at org.openqa.selenium.remote.http.W3CHttpResponseCodec.createException(W3CHttpResponseCodec.java:187)
	at org.openqa.selenium.remote.http.W3CHttpResponseCodec.decode(W3CHttpResponseCodec.java:122)
	at org.openqa.selenium.remote.http.W3CHttpResponseCodec.decode(W3CHttpResponseCodec.java:49)
	at org.openqa.selenium.remote.HttpCommandExecutor.execute(HttpCommandExecutor.java:158)
	at org.openqa.selenium.remote.service.DriverCommandExecutor.execute(DriverCommandExecutor.java:83)
	at org.openqa.selenium.remote.RemoteWebDriver.execute(RemoteWebDriver.java:552)
	at com.kms.katalon.selenium.driver.CChromeDriver.execute(CChromeDriver.java:19)
	at org.openqa.selenium.remote.RemoteWebElement.execute(RemoteWebElement.java:285)
	at org.openqa.selenium.remote.RemoteWebElement.click(RemoteWebElement.java:84)
	at jdk.internal.reflect.GeneratedMethodAccessor6.invoke(Unknown Source)
	at java.base/jdk.internal.reflect.DelegatingMethodAccessorImpl.invoke(DelegatingMethodAccessorImpl.java:43)
	at org.openqa.selenium.support.events.EventFiringWebDriver$EventFiringWebElement.lambda$new$0(EventFiringWebDriver.java:404)
	at jdk.proxy2/jdk.proxy2.$Proxy21.click(Unknown Source)
	at org.openqa.selenium.support.events.EventFiringWebDriver$EventFiringWebElement.click(EventFiringWebDriver.java:417)
	at org.openqa.selenium.WebElement$click.call(Unknown Source)
	at com.kms.katalon.core.webui.keyword.builtin.ClickKeyword.clickUntilSuccessWithTimeout(ClickKeyword.groovy:81)
	at com.kms.katalon.core.webui.keyword.builtin.ClickKeyword.clickUntilSuccessWithTimeout(ClickKeyword.groovy)
	at java.base/jdk.internal.reflect.NativeMethodAccessorImpl.invoke0(Native Method)
	at java.base/jdk.internal.reflect.NativeMethodAccessorImpl.invoke(NativeMethodAccessorImpl.java:77)
	at java.base/jdk.internal.reflect.DelegatingMethodAccessorImpl.invoke(DelegatingMethodAccessorImpl.java:43)
	at com.kms.katalon.core.webui.keyword.builtin.ClickKeyword$_click_closure1.doCall(ClickKeyword.groovy:67)
	at com.kms.katalon.core.webui.keyword.builtin.ClickKeyword$_click_closure1.call(ClickKeyword.groovy)
	at com.kms.katalon.core.webui.keyword.internal.WebUIKeywordMain.runKeyword(WebUIKeywordMain.groovy:35)
	... 20 more]]></system-out>
      <system-err><![CDATA[23-10-2024T22:37:04 - [TEST_SUITE][FAILED] - KW8: Test Cases/PBKW FAILED.
Reason:
com.kms.katalon.core.exception.StepFailedException: Unable to click on object 'Object Repository/Page_Automotive Embedded Software Testing S_981503/span_Customer Success'
	at com.kms.katalon.core.webui.keyword.internal.WebUIKeywordMain.stepFailed(WebUIKeywordMain.groovy:117)
	at com.kms.katalon.core.webui.keyword.internal.WebUIKeywordMain.runKeyword(WebUIKeywordMain.groovy:43)
	at com.kms.katalon.core.webui.keyword.builtin.ClickKeyword.click(ClickKeyword.groovy:74)
	at com.kms.katalon.core.webui.keyword.builtin.ClickKeyword.execute(ClickKeyword.groovy:40)
	at com.kms.katalon.core.keyword.internal.KeywordExecutor.executeKeywordForPlatform(KeywordExecutor.groovy:74)
	at com.kms.katalon.core.webui.keyword.WebUiBuiltInKeywords.click(WebUiBuiltInKeywords.groovy:659)
	at PBKW.run(PBKW:46)
	at com.kms.katalon.core.main.ScriptEngine.run(ScriptEngine.java:194)
	at com.kms.katalon.core.main.ScriptEngine.runScriptAsRawText(ScriptEngine.java:119)
	at com.kms.katalon.core.main.TestCaseExecutor.runScript(TestCaseExecutor.java:448)
	at com.kms.katalon.core.main.TestCaseExecutor.doExecute(TestCaseExecutor.java:439)
	at com.kms.katalon.core.main.TestCaseExecutor.processExecutionPhase(TestCaseExecutor.java:418)
	at com.kms.katalon.core.main.TestCaseExecutor.accessMainPhase(TestCaseExecutor.java:410)
	at com.kms.katalon.core.main.TestCaseExecutor.execute(TestCaseExecutor.java:285)
	at com.kms.katalon.core.common.CommonExecutor.accessTestCaseMainPhase(CommonExecutor.java:65)
	at com.kms.katalon.core.main.TestSuiteExecutor.accessTestSuiteMainPhase(TestSuiteExecutor.java:150)
	at com.kms.katalon.core.main.TestSuiteExecutor.execute(TestSuiteExecutor.java:106)
	at com.kms.katalon.core.main.TestCaseMain.startTestSuite(TestCaseMain.java:180)
	at TempTestSuite1729703208202.run(TempTestSuite1729703208202.groovy:35)
	at java.base/jdk.internal.reflect.NativeMethodAccessorImpl.invoke0(Native Method)
	at java.base/jdk.internal.reflect.NativeMethodAccessorImpl.invoke(NativeMethodAccessorImpl.java:77)
	at java.base/jdk.internal.reflect.DelegatingMethodAccessorImpl.invoke(DelegatingMethodAccessorImpl.java:43)
Caused by: org.openqa.selenium.ElementClickInterceptedException: element click intercepted: Element <span class="link">...</span> is not clickable at point (581, 58). Other element would receive the click: <iframe name="" class="qlfd-not-mobile qlfd-full-height" id="q-messenger-frame" data-mirrored="true" allow="camera;microphone" title="Qualified Messenger" style="
        height: calc(100vh - 150px) !important;
        width: 538px !important;
        margin-bottom: 0;
        color-scheme: normal;
      " src="https://app.qualified.com/w/1/toaWvavBpa9r2g42/messenger?uuid=f3fb1f4d-b6e4-4d3e-a9b1-9c65af384427"></iframe>
  (Session info: chrome=130.0.6723.60)
Build info: version: '3.141.59', revision: 'unknown', time: 'unknown'
System info: host: 'ANOOP-LAP', ip: '192.168.1.39', os.name: 'Windows 11', os.arch: 'amd64', os.version: '10.0', java.version: '17.0.7'
Driver info: com.kms.katalon.selenium.driver.CChromeDriver
Capabilities {acceptInsecureCerts: false, browserName: chrome, browserVersion: 130.0.6723.60, chrome: {chromedriverVersion: 130.0.6723.58 (3a50e012e4c9..., userDataDir: C:\Users\Anoop_G\AppData\Lo...}, fedcm:accounts: true, goog:chromeOptions: {debuggerAddress: localhost:53388}, javascriptEnabled: true, networkConnectionEnabled: false, pageLoadStrategy: normal, platform: WINDOWS, platformName: WINDOWS, proxy: Proxy(), setWindowRect: true, strictFileInteractability: false, timeouts: {implicit: 0, pageLoad: 300000, script: 30000}, unhandledPromptBehavior: dismiss and notify, webauthn:extension:credBlob: true, webauthn:extension:largeBlob: true, webauthn:extension:minPinLength: true, webauthn:extension:prf: true, webauthn:virtualAuthenticators: true}
Session ID: 59362b494443bb9230d9bd6e2495b360
	at java.base/jdk.internal.reflect.NativeConstructorAccessorImpl.newInstance0(Native Method)
	at java.base/jdk.internal.reflect.NativeConstructorAccessorImpl.newInstance(NativeConstructorAccessorImpl.java:77)
	at java.base/jdk.internal.reflect.DelegatingConstructorAccessorImpl.newInstance(DelegatingConstructorAccessorImpl.java:45)
	at org.openqa.selenium.remote.http.W3CHttpResponseCodec.createException(W3CHttpResponseCodec.java:187)
	at org.openqa.selenium.remote.http.W3CHttpResponseCodec.decode(W3CHttpResponseCodec.java:122)
	at org.openqa.selenium.remote.http.W3CHttpResponseCodec.decode(W3CHttpResponseCodec.java:49)
	at org.openqa.selenium.remote.HttpCommandExecutor.execute(HttpCommandExecutor.java:158)
	at org.openqa.selenium.remote.service.DriverCommandExecutor.execute(DriverCommandExecutor.java:83)
	at org.openqa.selenium.remote.RemoteWebDriver.execute(RemoteWebDriver.java:552)
	at com.kms.katalon.selenium.driver.CChromeDriver.execute(CChromeDriver.java:19)
	at org.openqa.selenium.remote.RemoteWebElement.execute(RemoteWebElement.java:285)
	at org.openqa.selenium.remote.RemoteWebElement.click(RemoteWebElement.java:84)
	at jdk.internal.reflect.GeneratedMethodAccessor6.invoke(Unknown Source)
	at java.base/jdk.internal.reflect.DelegatingMethodAccessorImpl.invoke(DelegatingMethodAccessorImpl.java:43)
	at org.openqa.selenium.support.events.EventFiringWebDriver$EventFiringWebElement.lambda$new$0(EventFiringWebDriver.java:404)
	at jdk.proxy2/jdk.proxy2.$Proxy21.click(Unknown Source)
	at org.openqa.selenium.support.events.EventFiringWebDriver$EventFiringWebElement.click(EventFiringWebDriver.java:417)
	at org.openqa.selenium.WebElement$click.call(Unknown Source)
	at com.kms.katalon.core.webui.keyword.builtin.ClickKeyword.clickUntilSuccessWithTimeout(ClickKeyword.groovy:81)
	at com.kms.katalon.core.webui.keyword.builtin.ClickKeyword.clickUntilSuccessWithTimeout(ClickKeyword.groovy)
	at java.base/jdk.internal.reflect.NativeMethodAccessorImpl.invoke0(Native Method)
	at java.base/jdk.internal.reflect.NativeMethodAccessorImpl.invoke(NativeMethodAccessorImpl.java:77)
	at java.base/jdk.internal.reflect.DelegatingMethodAccessorImpl.invoke(DelegatingMethodAccessorImpl.java:43)
	at com.kms.katalon.core.webui.keyword.builtin.ClickKeyword$_click_closure1.doCall(ClickKeyword.groovy:67)
	at com.kms.katalon.core.webui.keyword.builtin.ClickKeyword$_click_closure1.call(ClickKeyword.groovy)
	at com.kms.katalon.core.webui.keyword.internal.WebUIKeywordMain.runKeyword(WebUIKeywordMain.groovy:35)
	... 20 more]]></system-err>
   </testsuite>
</testsuites>
